# JRE version: OpenJDK Runtime Environment (11.0.10) (build 11.0.10+0-b96-7249189)
# Java VM: OpenJDK 64-Bit Server VM (11.0.10+0-b96-7249189, mixed mode, tiered, compressed oops, g1 gc, windows-amd64)
Heap:
 garbage-first heap   total 189440K, used 59008K [0x00000006e0000000, 0x0000000800000000)
  region size 1024K, 12 young (12288K), 7 survivors (7168K)
 Metaspace       used 64980K, capacity 66474K, committed 66688K, reserved 1107968K
  class space    used 8252K, capacity 8828K, committed 8832K, reserved 1048576K
GC Heap History (20 events):
Event: 1.146 GC heap before
{Heap before GC invocations=1 (full 0):
 garbage-first heap   total 131072K, used 31021K [0x00000006e0000000, 0x0000000800000000)
  region size 1024K, 24 young (24576K), 3 survivors (3072K)
 Metaspace       used 11124K, capacity 11440K, committed 11520K, reserved 1058816K
  class space    used 1165K, capacity 1245K, committed 1280K, reserved 1048576K
}
Event: 1.149 GC heap after
{Heap after GC invocations=2 (full 0):
 garbage-first heap   total 131072K, used 9727K [0x00000006e0000000, 0x0000000800000000)
  region size 1024K, 1 young (1024K), 1 survivors (1024K)
 Metaspace       used 11124K, capacity 11440K, committed 11520K, reserved 1058816K
  class space    used 1165K, capacity 1245K, committed 1280K, reserved 1048576K
}
Event: 2.070 GC heap before
{Heap before GC invocations=2 (full 0):
 garbage-first heap   total 131072K, used 65023K [0x00000006e0000000, 0x0000000800000000)
  region size 1024K, 55 young (56320K), 1 survivors (1024K)
 Metaspace       used 18143K, capacity 18611K, committed 18816K, reserved 1064960K
  class space    used 2164K, capacity 2306K, committed 2432K, reserved 1048576K
}
Event: 2.078 GC heap after
{Heap after GC invocations=3 (full 0):
 garbage-first heap   total 131072K, used 15880K [0x00000006e0000000, 0x0000000800000000)
  region size 1024K, 7 young (7168K), 7 survivors (7168K)
 Metaspace       used 18143K, capacity 18611K, committed 18816K, reserved 1064960K
  class space    used 2164K, capacity 2306K, committed 2432K, reserved 1048576K
}
Event: 2.290 GC heap before
{Heap before GC invocations=3 (full 0):
 garbage-first heap   total 131072K, used 34312K [0x00000006e0000000, 0x0000000800000000)
  region size 1024K, 26 young (26624K), 7 survivors (7168K)
 Metaspace       used 20535K, capacity 21088K, committed 21248K, reserved 1067008K
  class space    used 2502K, capacity 2690K, committed 2816K, reserved 1048576K
}
Event: 2.302 GC heap after
{Heap after GC invocations=4 (full 0):
 garbage-first heap   total 131072K, used 16622K [0x00000006e0000000, 0x0000000800000000)
  region size 1024K, 1 young (1024K), 1 survivors (1024K)
 Metaspace       used 20535K, capacity 21088K, committed 21248K, reserved 1067008K
  class space    used 2502K, capacity 2690K, committed 2816K, reserved 1048576K
}
Event: 2.882 GC heap before
{Heap before GC invocations=5 (full 0):
 garbage-first heap   total 131072K, used 71918K [0x00000006e0000000, 0x0000000800000000)
  region size 1024K, 56 young (57344K), 1 survivors (1024K)
 Metaspace       used 26087K, capacity 26749K, committed 27008K, reserved 1073152K
  class space    used 3420K, capacity 3667K, committed 3712K, reserved 1048576K
}
Event: 2.885 GC heap after
{Heap after GC invocations=6 (full 0):
 garbage-first heap   total 131072K, used 18360K [0x00000006e0000000, 0x0000000800000000)
  region size 1024K, 3 young (3072K), 3 survivors (3072K)
 Metaspace       used 26087K, capacity 26749K, committed 27008K, reserved 1073152K
  class space    used 3420K, capacity 3667K, committed 3712K, reserved 1048576K
}
Event: 3.749 GC heap before
{Heap before GC invocations=6 (full 0):
 garbage-first heap   total 131072K, used 72632K [0x00000006e0000000, 0x0000000800000000)
  region size 1024K, 57 young (58368K), 3 survivors (3072K)
 Metaspace       used 35026K, capacity 35790K, committed 35840K, reserved 1081344K
  class space    used 4546K, capacity 4832K, committed 4864K, reserved 1048576K
}
Event: 3.757 GC heap after
{Heap after GC invocations=7 (full 0):
 garbage-first heap   total 131072K, used 21823K [0x00000006e0000000, 0x0000000800000000)
  region size 1024K, 6 young (6144K), 6 survivors (6144K)
 Metaspace       used 35026K, capacity 35790K, committed 35840K, reserved 1081344K
  class space    used 4546K, capacity 4832K, committed 4864K, reserved 1048576K
}
Event: 4.450 GC heap before
{Heap before GC invocations=8 (full 0):
 garbage-first heap   total 131072K, used 84287K [0x00000006e0000000, 0x0000000800000000)
  region size 1024K, 65 young (66560K), 6 survivors (6144K)
 Metaspace       used 39401K, capacity 40262K, committed 40448K, reserved 1085440K
  class space    used 5036K, capacity 5358K, committed 5376K, reserved 1048576K
}
Event: 4.463 GC heap after
{Heap after GC invocations=9 (full 0):
 garbage-first heap   total 157696K, used 26914K [0x00000006e0000000, 0x0000000800000000)
  region size 1024K, 9 young (9216K), 9 survivors (9216K)
 Metaspace       used 39401K, capacity 40262K, committed 40448K, reserved 1085440K
  class space    used 5036K, capacity 5358K, committed 5376K, reserved 1048576K
}
Event: 5.244 GC heap before
{Heap before GC invocations=9 (full 0):
 garbage-first heap   total 157696K, used 94498K [0x00000006e0000000, 0x0000000800000000)
  region size 1024K, 75 young (76800K), 9 survivors (9216K)
 Metaspace       used 44651K, capacity 45841K, committed 46208K, reserved 1089536K
  class space    used 5743K, capacity 6146K, committed 6272K, reserved 1048576K
}
Event: 5.255 GC heap after
{Heap after GC invocations=10 (full 0):
 garbage-first heap   total 157696K, used 29069K [0x00000006e0000000, 0x0000000800000000)
  region size 1024K, 8 young (8192K), 8 survivors (8192K)
 Metaspace       used 44651K, capacity 45841K, committed 46208K, reserved 1089536K
  class space    used 5743K, capacity 6146K, committed 6272K, reserved 1048576K
}
Event: 6.670 GC heap before
{Heap before GC invocations=10 (full 0):
 garbage-first heap   total 157696K, used 122253K [0x00000006e0000000, 0x0000000800000000)
  region size 1024K, 92 young (94208K), 8 survivors (8192K)
 Metaspace       used 50378K, capacity 51739K, committed 51840K, reserved 1093632K
  class space    used 6431K, capacity 6939K, committed 7040K, reserved 1048576K
}
Event: 6.683 GC heap after
{Heap after GC invocations=11 (full 0):
 garbage-first heap   total 157696K, used 47391K [0x00000006e0000000, 0x0000000800000000)
  region size 1024K, 12 young (12288K), 12 survivors (12288K)
 Metaspace       used 50378K, capacity 51739K, committed 51840K, reserved 1093632K
  class space    used 6431K, capacity 6939K, committed 7040K, reserved 1048576K
}
Event: 7.500 GC heap before
{Heap before GC invocations=11 (full 0):
 garbage-first heap   total 157696K, used 100639K [0x00000006e0000000, 0x0000000800000000)
  region size 1024K, 65 young (66560K), 12 survivors (12288K)
 Metaspace       used 58603K, capacity 60083K, committed 60160K, reserved 1101824K
  class space    used 7440K, capacity 8011K, committed 8064K, reserved 1048576K
}
Event: 7.524 GC heap after
{Heap after GC invocations=12 (full 0):
 garbage-first heap   total 157696K, used 51671K [0x00000006e0000000, 0x0000000800000000)
  region size 1024K, 4 young (4096K), 4 survivors (4096K)
 Metaspace       used 58603K, capacity 60083K, committed 60160K, reserved 1101824K
  class space    used 7440K, capacity 8011K, committed 8064K, reserved 1048576K
}
Event: 8.344 GC heap before
{Heap before GC invocations=13 (full 0):
 garbage-first heap   total 157696K, used 113111K [0x00000006e0000000, 0x0000000800000000)
  region size 1024K, 64 young (65536K), 4 survivors (4096K)
 Metaspace       used 64428K, capacity 65959K, committed 66176K, reserved 1105920K
  class space    used 8185K, capacity 8763K, committed 8832K, reserved 1048576K
}
Event: 8.355 GC heap after
{Heap after GC invocations=14 (full 0):
 garbage-first heap   total 189440K, used 54912K [0x00000006e0000000, 0x0000000800000000)
  region size 1024K, 7 young (7168K), 7 survivors (7168K)
 Metaspace       used 64428K, capacity 65959K, committed 66176K, reserved 1105920K
  class space    used 8185K, capacity 8763K, committed 8832K, reserved 1048576K
}

